2018-08-07 11:06:15,330 INFO  [main] com.epay.xj.EpayApplication : Starting EpayApplication on ljj with PID 13988 (D:\yhfw\workspace\epay\target\classes started by dell in D:\yhfw\workspace\epay)
2018-08-07 11:06:15,335 INFO  [main] com.epay.xj.EpayApplication : The following profiles are active: dev
2018-08-07 11:06:15,407 INFO  [main] org.springframework.context.annotation.AnnotationConfigApplicationContext : Refreshing org.springframework.context.annotation.AnnotationConfigApplicationContext@1105b8ef: startup date [Tue Aug 07 11:06:15 CST 2018]; root of context hierarchy
2018-08-07 11:06:20,459 INFO  [main] org.springframework.orm.jpa.LocalContainerEntityManagerFactoryBean : Building JPA container EntityManagerFactory for persistence unit 'default'
2018-08-07 11:06:21,810 INFO  [main] org.springframework.orm.jpa.LocalContainerEntityManagerFactoryBean : Initialized JPA EntityManagerFactory for persistence unit 'default'
2018-08-07 11:06:22,423 INFO  [main] org.springframework.jmx.export.annotation.AnnotationMBeanExporter : Registering beans for JMX exposure on startup
2018-08-07 11:06:22,444 INFO  [main] com.epay.xj.EpayApplication : Started EpayApplication in 7.92 seconds (JVM running for 8.516)
2018-08-07 11:06:22,639 ERROR [main] org.hibernate.engine.jdbc.spi.SqlExceptionHelper : Table 'data_analysis.certno' doesn't exist
2018-08-07 11:06:22,655 INFO  [Thread-3] org.springframework.context.annotation.AnnotationConfigApplicationContext : Closing org.springframework.context.annotation.AnnotationConfigApplicationContext@1105b8ef: startup date [Tue Aug 07 11:06:15 CST 2018]; root of context hierarchy
2018-08-07 11:06:22,657 INFO  [Thread-3] org.springframework.jmx.export.annotation.AnnotationMBeanExporter : Unregistering JMX-exposed beans on shutdown
2018-08-07 11:06:22,657 INFO  [Thread-3] org.springframework.orm.jpa.LocalContainerEntityManagerFactoryBean : Closing JPA EntityManagerFactory for persistence unit 'default'
2018-08-07 11:07:39,887 INFO  [main] com.epay.xj.EpayApplication : Starting EpayApplication on ljj with PID 14376 (D:\yhfw\workspace\epay\target\classes started by dell in D:\yhfw\workspace\epay)
2018-08-07 11:07:39,890 INFO  [main] com.epay.xj.EpayApplication : The following profiles are active: dev
2018-08-07 11:07:39,951 INFO  [main] org.springframework.context.annotation.AnnotationConfigApplicationContext : Refreshing org.springframework.context.annotation.AnnotationConfigApplicationContext@6539cfe8: startup date [Tue Aug 07 11:07:39 CST 2018]; root of context hierarchy
2018-08-07 11:07:42,348 INFO  [main] org.springframework.orm.jpa.LocalContainerEntityManagerFactoryBean : Building JPA container EntityManagerFactory for persistence unit 'default'
2018-08-07 11:07:43,377 INFO  [main] org.springframework.orm.jpa.LocalContainerEntityManagerFactoryBean : Initialized JPA EntityManagerFactory for persistence unit 'default'
2018-08-07 11:07:43,925 INFO  [main] org.springframework.jmx.export.annotation.AnnotationMBeanExporter : Registering beans for JMX exposure on startup
2018-08-07 11:07:43,944 INFO  [main] com.epay.xj.EpayApplication : Started EpayApplication in 4.665 seconds (JVM running for 5.048)
2018-08-07 11:07:44,379 INFO  [Thread-3] org.springframework.context.annotation.AnnotationConfigApplicationContext : Closing org.springframework.context.annotation.AnnotationConfigApplicationContext@6539cfe8: startup date [Tue Aug 07 11:07:39 CST 2018]; root of context hierarchy
2018-08-07 11:07:44,381 INFO  [Thread-3] org.springframework.jmx.export.annotation.AnnotationMBeanExporter : Unregistering JMX-exposed beans on shutdown
2018-08-07 11:07:44,381 INFO  [Thread-3] org.springframework.orm.jpa.LocalContainerEntityManagerFactoryBean : Closing JPA EntityManagerFactory for persistence unit 'default'
